2023-05-14 21:05:590 INFO  HomePage :45 - MouseHover And Click On Desktops: 
2023-05-14 21:05:276 INFO  HomePage :56 - MouseHover And Click On Desktops: 
2023-05-14 21:05:838 INFO  HomePage :45 - MouseHover And Click On Desktops: 
2023-05-14 21:05:529 INFO  HomePage :56 - MouseHover And Click On Desktops: 
2023-05-14 21:05:943 INFO  DesktopPage :52 - Select Z To A: Name (Z - A)
2023-05-14 21:05:27 INFO  DesktopPage :66 - Verify Product in Descending Order: 
2023-05-14 21:05:952 INFO  HomePage :45 - MouseHover And Click On Desktops: 
2023-05-14 21:05:628 INFO  HomePage :56 - MouseHover And Click On Desktops: 
2023-05-14 21:05:961 INFO  HomePage :45 - MouseHover And Click On Desktops: 
2023-05-14 21:05:189 INFO  HomePage :56 - MouseHover And Click On Desktops: 
2023-05-14 21:05:609 INFO  DesktopPage :71 - Select A To Z: Name (A - Z)
2023-05-14 21:05:977 INFO  HomePage :45 - MouseHover And Click On Desktops: 
2023-05-14 21:05:649 INFO  HomePage :56 - MouseHover And Click On Desktops: 
2023-05-14 21:05:57 INFO  DesktopPage :71 - Select A To Z: Name (A - Z)
2023-05-14 22:05:112 INFO  HomePage :45 - MouseHover And Click On Desktops: 
2023-05-14 22:05:800 INFO  HomePage :56 - MouseHover And Click On Desktops: 
2023-05-14 22:05:204 INFO  DesktopPage :71 - Select A To Z: Name (A - Z)
2023-05-14 22:05:421 INFO  DesktopPage :76 - Select Product: 
2023-05-14 22:05:688 INFO  HomePage :45 - MouseHover And Click On Desktops: 
2023-05-14 22:05:339 INFO  HomePage :56 - MouseHover And Click On Desktops: 
2023-05-14 22:05:748 INFO  DesktopPage :71 - Select A To Z: Name (A - Z)
2023-05-14 22:05:877 INFO  DesktopPage :76 - Select Product: 
2023-05-14 22:05:305 INFO  HomePage :45 - MouseHover And Click On Desktops: 
2023-05-14 22:05:05 INFO  HomePage :56 - MouseHover And Click On Desktops: 
2023-05-14 22:05:411 INFO  DesktopPage :71 - Select A To Z: Name (A - Z)
2023-05-14 22:05:669 INFO  DesktopPage :76 - Select Product: 
2023-05-14 22:05:687 INFO  HpLp3065Page :49 - Verify Text HPLP3065: HP LP3065
2023-05-14 22:05:475 INFO  HomePage :45 - MouseHover And Click On Desktops: 
2023-05-14 22:05:305 INFO  HomePage :56 - MouseHover And Click On Desktops: 
2023-05-14 22:05:770 INFO  DesktopPage :71 - Select A To Z: Name (A - Z)
2023-05-14 22:05:235 INFO  DesktopPage :76 - Select Product: 
2023-05-14 22:05:256 INFO  HpLp3065Page :49 - Verify Text HPLP3065: HP LP3065
2023-05-14 22:05:900 INFO  HomePage :45 - MouseHover And Click On Desktops: 
2023-05-14 22:05:570 INFO  HomePage :56 - MouseHover And Click On Desktops: 
2023-05-14 22:05:969 INFO  DesktopPage :71 - Select A To Z: Name (A - Z)
2023-05-14 22:05:105 INFO  DesktopPage :76 - Select Product: 
2023-05-14 22:05:222 INFO  HomePage :45 - MouseHover And Click On Desktops: 
2023-05-14 22:05:909 INFO  HomePage :56 - MouseHover And Click On Desktops: 
2023-05-14 22:05:303 INFO  DesktopPage :71 - Select A To Z: Name (A - Z)
2023-05-14 22:05:477 INFO  DesktopPage :76 - Select Product: 
2023-05-14 22:05:497 INFO  HpLp3065Page :49 - Verify Text HPLP3065: HP LP3065
2023-05-14 22:05:297 INFO  HpLp3065Page :82 - Input Quantity: 1
2023-05-14 22:05:329 INFO  HpLp3065Page :86 - Click On Add To Cart Button: 
2023-05-14 22:05:236 INFO  HomePage :45 - MouseHover And Click On Desktops: 
2023-05-14 22:05:942 INFO  HomePage :56 - MouseHover And Click On Desktops: 
2023-05-14 22:05:361 INFO  DesktopPage :71 - Select A To Z: Name (A - Z)
2023-05-14 22:05:618 INFO  DesktopPage :76 - Select Product: 
2023-05-14 22:05:637 INFO  HpLp3065Page :49 - Verify Text HPLP3065: HP LP3065
2023-05-14 22:05:428 INFO  HpLp3065Page :82 - Input Quantity: 1
2023-05-14 22:05:458 INFO  HpLp3065Page :86 - Click On Add To Cart Button: 
2023-05-14 22:05:08 INFO  HomePage :45 - MouseHover And Click On Desktops: 
2023-05-14 22:05:695 INFO  HomePage :56 - MouseHover And Click On Desktops: 
2023-05-14 22:05:102 INFO  DesktopPage :71 - Select A To Z: Name (A - Z)
2023-05-14 22:05:256 INFO  DesktopPage :76 - Select Product: 
2023-05-14 22:05:276 INFO  HpLp3065Page :49 - Verify Text HPLP3065: HP LP3065
2023-05-14 22:05:03 INFO  HpLp3065Page :82 - Input Quantity: 1
2023-05-14 22:05:33 INFO  HpLp3065Page :86 - Click On Add To Cart Button: 
2023-05-14 22:05:109 INFO  HpLp3065Page :94 - Click On Shopping Cart: 
2023-05-14 22:05:462 INFO  HomePage :45 - MouseHover And Click On Desktops: 
2023-05-14 22:05:154 INFO  HomePage :56 - MouseHover And Click On Desktops: 
2023-05-14 22:05:558 INFO  DesktopPage :71 - Select A To Z: Name (A - Z)
2023-05-14 22:05:256 INFO  DesktopPage :76 - Select Product: 
2023-05-14 22:05:278 INFO  HpLp3065Page :49 - Verify Text HPLP3065: HP LP3065
2023-05-14 22:05:55 INFO  HpLp3065Page :82 - Input Quantity: 1
2023-05-14 22:05:86 INFO  HpLp3065Page :86 - Click On Add To Cart Button: 
2023-05-14 23:05:935 INFO  HomePage :61 - MouseHover And Click On LaptopsAndNotebooks: 
2023-05-14 23:05:583 INFO  HomePage :56 - MouseHover And Click On Desktops: 
2023-05-14 23:05:800 INFO  HomePage :61 - MouseHover And Click On LaptopsAndNotebooks: 
2023-05-14 23:05:452 INFO  HomePage :56 - MouseHover And Click On Desktops: 
2023-05-14 23:05:840 INFO  LaptopsAndNotebooks :40 - Select High To Low: Price (High > Low)
2023-05-14 23:05:801 INFO  HomePage :45 - MouseHover And Click On Desktops: 
2023-05-14 23:05:453 INFO  HomePage :56 - MouseHover And Click On Desktops: 
2023-05-14 23:05:862 INFO  DesktopPage :71 - Select A To Z: Name (A - Z)
2023-05-14 23:05:947 INFO  DesktopPage :76 - Select Product: 
2023-05-14 23:05:968 INFO  HpLp3065Page :49 - Verify Text HPLP3065: HP LP3065
2023-05-14 23:05:838 INFO  HpLp3065Page :82 - Input Quantity: 1
2023-05-14 23:05:871 INFO  HpLp3065Page :86 - Click On Add To Cart Button: 
2023-05-14 23:05:953 INFO  HpLp3065Page :94 - Click On Shopping Cart: 
2023-05-14 23:05:864 INFO  HomePage :45 - MouseHover And Click On Desktops: 
2023-05-14 23:05:539 INFO  HomePage :56 - MouseHover And Click On Desktops: 
2023-05-14 23:05:935 INFO  DesktopPage :71 - Select A To Z: Name (A - Z)
2023-05-14 23:05:989 INFO  DesktopPage :76 - Select Product: 
2023-05-14 23:05:10 INFO  HpLp3065Page :49 - Verify Text HPLP3065: HP LP3065
2023-05-14 23:05:825 INFO  HpLp3065Page :82 - Input Quantity: 1
2023-05-14 23:05:859 INFO  HpLp3065Page :86 - Click On Add To Cart Button: 
2023-05-14 23:05:886 INFO  HpLp3065Page :94 - Click On Shopping Cart: 
2023-05-14 23:05:906 INFO  ShoppingCartPage :67 - Verify Text Shopping cart: Shopping Cart  (1.00kg)
2023-05-14 23:05:327 INFO  HomePage :45 - MouseHover And Click On Desktops: 
2023-05-14 23:05:42 INFO  HomePage :56 - MouseHover And Click On Desktops: 
2023-05-14 23:05:470 INFO  DesktopPage :71 - Select A To Z: Name (A - Z)
2023-05-14 23:05:627 INFO  DesktopPage :76 - Select Product: 
2023-05-14 23:05:645 INFO  HpLp3065Page :49 - Verify Text HPLP3065: HP LP3065
2023-05-14 23:05:361 INFO  HpLp3065Page :82 - Input Quantity: 1
2023-05-14 23:05:392 INFO  HpLp3065Page :86 - Click On Add To Cart Button: 
2023-05-14 23:05:518 INFO  HpLp3065Page :94 - Click On Shopping Cart: 
2023-05-14 23:05:543 INFO  ShoppingCartPage :67 - Verify Text Shopping cart: Shopping Cart  (1.00kg)
2023-05-14 23:05:560 INFO  ShoppingCartPage :72 - Verify Text HPLP3065: HP LP3065
2023-05-14 23:05:575 INFO  ShoppingCartPage :77 - Verify Delivery Date: Delivery Date:2022-11-30
2023-05-14 23:05:590 INFO  ShoppingCartPage :82 - Verify Model: Product 21
2023-05-14 23:05:606 INFO  ShoppingCartPage :87 - Verify Total: $122.00
2023-05-15 00:05:605 INFO  HomePage :61 - MouseHover And Click On LaptopsAndNotebooks: 
2023-05-15 00:05:303 INFO  HomePage :56 - MouseHover And Click On Desktops: 
2023-05-15 00:05:708 INFO  LaptopsAndNotebooks :40 - Select High To Low: Price (High > Low)
2023-05-15 00:05:941 INFO  LaptopsAndNotebooks :49 - Select MacBook: [[ChromeDriver: chrome on WINDOWS (04d68ae367389d571499eccd848ef1e2)] -> xpath: //a[text()='MacBook']]
2023-05-15 00:05:961 INFO  MacBookPage :37 - Verify Text MacBook: MacBook
2023-05-15 00:05:996 INFO  MacBookPage :42 - Click On Add To Cart: 
2023-05-15 00:05:925 INFO  MacBookPage :53 - Click On Shopping Cart: 
2023-05-15 00:05:949 INFO  ShoppingCartPage :67 - Verify Text Shopping cart: Shopping Cart  (0.00kg)
2023-05-15 00:05:971 INFO  ShoppingCartPage :92 - Verify Product MacBook: MacBook
2023-05-15 00:05:20 INFO  ShoppingCartPage :97 - Change Quantity: 2
2023-05-15 00:05:652 INFO  ShoppingCartPage :102 - Click On UpdateBtn: 
2023-05-15 00:05:671 INFO  ShoppingCartPage :112 - Verify Total Update: $1,204.00
2023-05-15 00:05:40 INFO  ShoppingCartPage :117 - Click On CheckoutBtn: 
2023-05-15 00:05:63 INFO  CheckoutPage :98 - Verify Checkout Text: Checkout
2023-05-15 00:05:426 INFO  CheckoutPage :109 - Click On Guest Checkout 
2023-05-15 00:05:471 INFO  CheckoutPage :114 - Click On Continue Button 
2023-05-15 00:05:952 INFO  CheckoutPage :119 - Input FirstName: [[ChromeDriver: chrome on WINDOWS (04d68ae367389d571499eccd848ef1e2)] -> id: input-payment-firstname]
2023-05-15 00:05:995 INFO  CheckoutPage :124 - Input LastName: [[ChromeDriver: chrome on WINDOWS (04d68ae367389d571499eccd848ef1e2)] -> id: input-payment-lastname]
2023-05-15 00:05:46 INFO  CheckoutPage :129 - Input Email: [[ChromeDriver: chrome on WINDOWS (04d68ae367389d571499eccd848ef1e2)] -> id: input-payment-email]
2023-05-15 00:05:97 INFO  CheckoutPage :134 - Input Telephone: [[ChromeDriver: chrome on WINDOWS (04d68ae367389d571499eccd848ef1e2)] -> id: input-payment-telephone]
2023-05-15 00:05:149 INFO  CheckoutPage :139 - Input Address: [[ChromeDriver: chrome on WINDOWS (04d68ae367389d571499eccd848ef1e2)] -> id: input-payment-address-1]
2023-05-15 00:05:190 INFO  CheckoutPage :144 - Input City: [[ChromeDriver: chrome on WINDOWS (04d68ae367389d571499eccd848ef1e2)] -> id: input-payment-city]
2023-05-15 00:05:231 INFO  CheckoutPage :149 - Input PostCode: [[ChromeDriver: chrome on WINDOWS (04d68ae367389d571499eccd848ef1e2)] -> id: input-payment-postcode]
2023-05-15 00:05:266 INFO  CheckoutPage :154 - Select Country: [[ChromeDriver: chrome on WINDOWS (04d68ae367389d571499eccd848ef1e2)] -> id: input-payment-country]
2023-05-15 00:05:313 INFO  CheckoutPage :159 - Select Region: [[ChromeDriver: chrome on WINDOWS (04d68ae367389d571499eccd848ef1e2)] -> id: input-payment-zone]
2023-05-15 00:05:345 INFO  CheckoutPage :164 - Click On Continue Tab: [[ChromeDriver: chrome on WINDOWS (04d68ae367389d571499eccd848ef1e2)] -> id: button-guest]
2023-05-15 00:05:409 INFO  CheckoutPage :170 - Input Comment: Order Placed
2023-05-15 00:05:443 INFO  CheckoutPage :175 - Click On CheckBox: 
2023-05-15 00:05:478 INFO  CheckoutPage :180 - Click On Text Continue: 
2023-05-15 00:05:495 INFO  CheckoutPage :185 - Verify Payment Warning: Warning: No Payment options are available. Please contact us for assistance!
2023-05-15 01:05:361 INFO  HomePage :61 - MouseHover And Click On LaptopsAndNotebooks: 
2023-05-15 01:05:43 INFO  HomePage :56 - MouseHover And Click On Desktops: 
2023-05-15 01:05:462 INFO  LaptopsAndNotebooks :40 - Select High To Low: Price (High > Low)
2023-05-15 01:05:652 INFO  LaptopsAndNotebooks :49 - Select MacBook: [[ChromeDriver: chrome on WINDOWS (2a1f1b1dac4cf7c28b241b3690e54537)] -> xpath: //a[text()='MacBook']]
2023-05-15 01:05:670 INFO  MacBookPage :37 - Verify Text MacBook: MacBook
2023-05-15 01:05:705 INFO  MacBookPage :42 - Click On Add To Cart: 
2023-05-15 01:05:630 INFO  MacBookPage :53 - Click On Shopping Cart: 
2023-05-15 01:05:658 INFO  ShoppingCartPage :67 - Verify Text Shopping cart: Shopping Cart  (0.00kg)
2023-05-15 01:05:674 INFO  ShoppingCartPage :92 - Verify Product MacBook: MacBook
2023-05-15 01:05:724 INFO  ShoppingCartPage :97 - Change Quantity: 2
2023-05-15 01:05:366 INFO  ShoppingCartPage :102 - Click On UpdateBtn: 
2023-05-15 01:05:384 INFO  ShoppingCartPage :112 - Verify Total Update: $1,204.00
2023-05-15 01:05:744 INFO  ShoppingCartPage :117 - Click On CheckoutBtn: 
2023-05-15 01:05:765 INFO  CheckoutPage :98 - Verify Checkout Text: Checkout
2023-05-15 01:05:120 INFO  CheckoutPage :109 - Click On Guest Checkout 
2023-05-15 01:05:158 INFO  CheckoutPage :114 - Click On Continue Button 
2023-05-15 01:05:509 INFO  CheckoutPage :119 - Input FirstName: [[ChromeDriver: chrome on WINDOWS (2a1f1b1dac4cf7c28b241b3690e54537)] -> id: input-payment-firstname]
2023-05-15 01:05:553 INFO  CheckoutPage :124 - Input LastName: [[ChromeDriver: chrome on WINDOWS (2a1f1b1dac4cf7c28b241b3690e54537)] -> id: input-payment-lastname]
2023-05-15 01:05:600 INFO  CheckoutPage :129 - Input Email: [[ChromeDriver: chrome on WINDOWS (2a1f1b1dac4cf7c28b241b3690e54537)] -> id: input-payment-email]
2023-05-15 01:05:641 INFO  CheckoutPage :134 - Input Telephone: [[ChromeDriver: chrome on WINDOWS (2a1f1b1dac4cf7c28b241b3690e54537)] -> id: input-payment-telephone]
2023-05-15 01:05:690 INFO  CheckoutPage :139 - Input Address: [[ChromeDriver: chrome on WINDOWS (2a1f1b1dac4cf7c28b241b3690e54537)] -> id: input-payment-address-1]
2023-05-15 01:05:740 INFO  CheckoutPage :144 - Input City: [[ChromeDriver: chrome on WINDOWS (2a1f1b1dac4cf7c28b241b3690e54537)] -> id: input-payment-city]
2023-05-15 01:05:783 INFO  CheckoutPage :149 - Input PostCode: [[ChromeDriver: chrome on WINDOWS (2a1f1b1dac4cf7c28b241b3690e54537)] -> id: input-payment-postcode]
2023-05-15 01:05:822 INFO  CheckoutPage :154 - Select Country: [[ChromeDriver: chrome on WINDOWS (2a1f1b1dac4cf7c28b241b3690e54537)] -> id: input-payment-country]
2023-05-15 01:05:871 INFO  CheckoutPage :159 - Select Region: [[ChromeDriver: chrome on WINDOWS (2a1f1b1dac4cf7c28b241b3690e54537)] -> id: input-payment-zone]
2023-05-15 01:05:904 INFO  CheckoutPage :164 - Click On Continue Tab: [[ChromeDriver: chrome on WINDOWS (2a1f1b1dac4cf7c28b241b3690e54537)] -> id: button-guest]
2023-05-15 01:05:957 INFO  CheckoutPage :170 - Input Comment: Order Placed
2023-05-15 01:05:990 INFO  CheckoutPage :175 - Click On CheckBox: 
2023-05-15 01:05:22 INFO  CheckoutPage :180 - Click On Text Continue: 
2023-05-15 01:05:38 INFO  CheckoutPage :185 - Verify Payment Warning: Warning: No Payment options are available. Please contact us for assistance!
2023-05-15 01:05:117 INFO  HomePage :72 - Click On My Account: 
2023-05-15 01:05:726 INFO  HomePage :72 - Click On My Account: 
2023-05-15 01:05:372 INFO  MyAccountPage :63 - Click on My Account Option: Register
2023-05-15 01:05:974 INFO  HomePage :72 - Click On My Account: 
2023-05-15 01:05:640 INFO  MyAccountPage :63 - Click on My Account Option: Register
2023-05-15 01:05:663 INFO  RegisterAccountPage :61 - Verify Text Register Account: Register Account
2023-05-15 01:05:855 INFO  HomePage :72 - Click On My Account: 
2023-05-15 01:05:640 INFO  HomePage :72 - Click On My Account: 
2023-05-15 01:05:04 INFO  MyAccountPage :63 - Click on My Account Option: Login
2023-05-15 01:05:25 INFO  MyAccountPage :68 - Verify Text Returning customer: Returning Customer
2023-05-15 01:05:167 INFO  HomePage :72 - Click On My Account: 
2023-05-15 01:05:514 INFO  MyAccountPage :63 - Click on My Account Option: Login
2023-05-15 01:05:535 INFO  MyAccountPage :68 - Verify Text Returning customer: Returning Customer
2023-05-15 10:05:230 INFO  HomePage :72 - Click On My Account: 
2023-05-15 10:05:863 INFO  MyAccountPage :63 - Click on My Account Option: Register
2023-05-15 11:05:888 INFO  HomePage :72 - Click On My Account: 
2023-05-15 11:05:546 INFO  MyAccountPage :63 - Click on My Account Option: Register
2023-05-15 11:05:605 INFO  RegisterAccountPage :66 - Enter First Name: Henry
2023-05-15 11:05:646 INFO  RegisterAccountPage :71 - Enter Last Name: smith
2023-05-15 11:05:688 INFO  RegisterAccountPage :76 - Enter Email: 
2023-05-15 11:05:728 INFO  RegisterAccountPage :81 - Enter Telephone: 09876543673
2023-05-15 11:05:769 INFO  RegisterAccountPage :86 - Enter Password: Password123
2023-05-15 11:05:807 INFO  RegisterAccountPage :91 - Enter Confirm Password: Password123
2023-05-15 11:05:841 INFO  RegisterAccountPage :96 - Click On ppCheck: 
2023-05-15 11:05:479 INFO  RegisterAccountPage :101 - Click On ContinueButton Register Page: 
2023-05-15 11:05:03 INFO  HomePage :72 - Click On My Account: 
2023-05-15 11:05:713 INFO  MyAccountPage :63 - Click on My Account Option: Register
2023-05-15 11:05:768 INFO  RegisterAccountPage :66 - Enter First Name: Henry
2023-05-15 11:05:810 INFO  RegisterAccountPage :71 - Enter Last Name: smith
2023-05-15 11:05:855 INFO  RegisterAccountPage :76 - Enter Email: 
2023-05-15 11:05:894 INFO  RegisterAccountPage :81 - Enter Telephone: 09876543673
2023-05-15 11:05:936 INFO  RegisterAccountPage :86 - Enter Password: Password123
2023-05-15 11:05:976 INFO  RegisterAccountPage :91 - Enter Confirm Password: Password123
2023-05-15 11:05:12 INFO  RegisterAccountPage :96 - Click On ppCheck: 
2023-05-15 11:05:752 INFO  RegisterAccountPage :101 - Click On ContinueButton Register Page: 
2023-05-15 11:05:770 INFO  RegisterAccountPage :106 - Verify Account Created Successfully: Your Account Has Been Created!
2023-05-15 11:05:159 INFO  MyAccountPage :73 - Click On Continue Button: 
2023-05-15 11:05:875 INFO  MyAccountPage :63 - Click on My Account Option: Logout
2023-05-15 11:05:892 INFO  MyAccountPage :78 - Verify Logout Message: Account Logout
2023-05-15 11:05:267 INFO  MyAccountPage :83 - Click On Continue Btn Logout: 
2023-05-15 11:05:606 INFO  HomePage :72 - Click On My Account: 
2023-05-15 11:05:982 INFO  MyAccountPage :63 - Click on My Account Option: Login
2023-05-15 11:05:984 INFO  HomePage :72 - Click On My Account: 
2023-05-15 11:05:365 INFO  MyAccountPage :63 - Click on My Account Option: Login
2023-05-15 11:05:422 INFO  RegisterAccountPage :76 - Enter Email: 
2023-05-15 11:05:449 INFO  MyAccountPage :88 - Enter Email Address: Password987
2023-05-15 11:05:831 INFO  MyAccountPage :98 - Click On LoginBtn: 
2023-05-15 11:05:752 INFO  HomePage :72 - Click On My Account: 
2023-05-15 11:05:125 INFO  MyAccountPage :63 - Click on My Account Option: Login
2023-05-15 11:05:185 INFO  RegisterAccountPage :76 - Enter Email: 
2023-05-15 11:05:212 INFO  MyAccountPage :88 - Enter Email Address: Password987
2023-05-15 11:05:575 INFO  MyAccountPage :98 - Click On LoginBtn: 
2023-05-16 14:05:797 INFO  HomePage :45 - MouseHover And Click On Desktops: 
2023-05-16 14:05:176 INFO  HomePage :56 - MouseHover And Click On Desktops: 
2023-05-16 14:05:759 INFO  DesktopPage :52 - Select Z To A: Name (Z - A)
2023-05-16 14:05:959 INFO  DesktopPage :66 - Verify Product in Descending Order: 
2023-05-16 14:05:681 INFO  HomePage :45 - MouseHover And Click On Desktops: 
2023-05-16 14:05:695 INFO  HomePage :56 - MouseHover And Click On Desktops: 
2023-05-16 14:05:335 INFO  DesktopPage :71 - Select A To Z: Name (A - Z)
2023-05-16 14:05:863 INFO  DesktopPage :76 - Select Product: 
2023-05-16 14:05:929 INFO  HpLp3065Page :49 - Verify Text HPLP3065: HP LP3065
2023-05-16 14:05:785 INFO  HpLp3065Page :82 - Input Quantity: 1
2023-05-16 14:05:861 INFO  HpLp3065Page :86 - Click On Add To Cart Button: 
2023-05-16 14:05:844 INFO  HpLp3065Page :94 - Click On Shopping Cart: 
2023-05-16 14:05:904 INFO  ShoppingCartPage :67 - Verify Text Shopping cart: Shopping Cart  (1.00kg)
2023-05-16 14:05:950 INFO  ShoppingCartPage :72 - Verify Text HPLP3065: HP LP3065
2023-05-16 14:05:990 INFO  ShoppingCartPage :77 - Verify Delivery Date: Delivery Date:2022-11-30
2023-05-16 14:05:39 INFO  ShoppingCartPage :82 - Verify Model: Product 21
2023-05-16 14:05:88 INFO  ShoppingCartPage :87 - Verify Total: $122.00
2023-05-16 14:05:858 INFO  HomePage :61 - MouseHover And Click On LaptopsAndNotebooks: 
2023-05-16 14:05:753 INFO  HomePage :56 - MouseHover And Click On Desktops: 
2023-05-16 14:05:334 INFO  LaptopsAndNotebooks :40 - Select High To Low: Price (High > Low)
2023-05-16 14:05:206 INFO  HomePage :61 - MouseHover And Click On LaptopsAndNotebooks: 
2023-05-16 14:05:991 INFO  HomePage :56 - MouseHover And Click On Desktops: 
2023-05-16 14:05:492 INFO  LaptopsAndNotebooks :40 - Select High To Low: Price (High > Low)
2023-05-16 14:05:857 INFO  LaptopsAndNotebooks :49 - Select MacBook: 
2023-05-16 14:05:883 INFO  MacBookPage :37 - Verify Text MacBook: MacBook
2023-05-16 14:05:949 INFO  MacBookPage :42 - Click On Add To Cart: 
2023-05-16 14:05:996 INFO  MacBookPage :53 - Click On Shopping Cart: 
2023-05-16 14:05:56 INFO  ShoppingCartPage :67 - Verify Text Shopping cart: Shopping Cart  (0.00kg)
2023-05-16 14:05:106 INFO  ShoppingCartPage :92 - Verify Product MacBook: MacBook
2023-05-16 14:05:202 INFO  ShoppingCartPage :97 - Change Quantity: 2
2023-05-16 14:05:957 INFO  ShoppingCartPage :102 - Click On UpdateBtn: 
2023-05-16 14:05:993 INFO  ShoppingCartPage :112 - Verify Total Update: $1,204.00
2023-05-16 14:05:508 INFO  ShoppingCartPage :117 - Click On CheckoutBtn: 
2023-05-16 14:05:559 INFO  CheckoutPage :98 - Verify Checkout Text: Checkout
2023-05-16 14:05:978 INFO  CheckoutPage :109 - Click On Guest Checkout 
2023-05-16 14:05:87 INFO  CheckoutPage :114 - Click On Continue Button 
2023-05-16 14:05:589 INFO  CheckoutPage :119 - Input FirstName: [[ChromeDriver: chrome on WINDOWS (320edf2f697af580ee47f62ba578d87f)] -> id: input-payment-firstname]
2023-05-16 14:05:692 INFO  CheckoutPage :124 - Input LastName: [[ChromeDriver: chrome on WINDOWS (320edf2f697af580ee47f62ba578d87f)] -> id: input-payment-lastname]
2023-05-16 14:05:828 INFO  CheckoutPage :129 - Input Email: [[ChromeDriver: chrome on WINDOWS (320edf2f697af580ee47f62ba578d87f)] -> id: input-payment-email]
2023-05-16 14:05:944 INFO  CheckoutPage :134 - Input Telephone: [[ChromeDriver: chrome on WINDOWS (320edf2f697af580ee47f62ba578d87f)] -> id: input-payment-telephone]
2023-05-16 14:05:84 INFO  CheckoutPage :139 - Input Address: [[ChromeDriver: chrome on WINDOWS (320edf2f697af580ee47f62ba578d87f)] -> id: input-payment-address-1]
2023-05-16 14:05:208 INFO  CheckoutPage :144 - Input City: [[ChromeDriver: chrome on WINDOWS (320edf2f697af580ee47f62ba578d87f)] -> id: input-payment-city]
2023-05-16 14:05:343 INFO  CheckoutPage :149 - Input PostCode: [[ChromeDriver: chrome on WINDOWS (320edf2f697af580ee47f62ba578d87f)] -> id: input-payment-postcode]
2023-05-16 14:05:477 INFO  CheckoutPage :154 - Select Country: [[ChromeDriver: chrome on WINDOWS (320edf2f697af580ee47f62ba578d87f)] -> id: input-payment-country]
2023-05-16 14:05:666 INFO  CheckoutPage :159 - Select Region: [[ChromeDriver: chrome on WINDOWS (320edf2f697af580ee47f62ba578d87f)] -> id: input-payment-zone]
2023-05-16 14:05:758 INFO  CheckoutPage :164 - Click On Continue Tab: [[ChromeDriver: chrome on WINDOWS (320edf2f697af580ee47f62ba578d87f)] -> id: button-guest]
2023-05-16 14:05:899 INFO  CheckoutPage :170 - Input Comment: Order Placed
2023-05-16 14:05:983 INFO  CheckoutPage :175 - Click On CheckBox: 
2023-05-16 14:05:65 INFO  CheckoutPage :180 - Click On Text Continue: 
2023-05-16 14:05:104 INFO  CheckoutPage :185 - Verify Payment Warning: Warning: No Payment options are available. Please contact us for assistance!
2023-05-16 14:05:456 INFO  HomePage :72 - Click On My Account: 
2023-05-16 14:05:611 INFO  MyAccountPage :63 - Click on My Account Option: Register
2023-05-16 14:05:647 INFO  RegisterAccountPage :61 - Verify Text Register Account: Register Account
2023-05-16 14:05:460 INFO  HomePage :72 - Click On My Account: 
2023-05-16 14:05:859 INFO  MyAccountPage :63 - Click on My Account Option: Login
2023-05-16 14:05:888 INFO  MyAccountPage :68 - Verify Text Returning customer: Returning Customer
2023-05-16 14:05:144 INFO  HomePage :72 - Click On My Account: 
2023-05-16 14:05:886 INFO  MyAccountPage :63 - Click on My Account Option: Register
2023-05-16 14:05:986 INFO  RegisterAccountPage :66 - Enter First Name: Henry
2023-05-16 14:05:63 INFO  RegisterAccountPage :71 - Enter Last Name: smith
2023-05-16 14:05:136 INFO  RegisterAccountPage :76 - Enter Email: 
2023-05-16 14:05:194 INFO  RegisterAccountPage :81 - Enter Telephone: 09876543673
2023-05-16 14:05:256 INFO  RegisterAccountPage :86 - Enter Password: Password123
2023-05-16 14:05:321 INFO  RegisterAccountPage :91 - Enter Confirm Password: Password123
2023-05-16 14:05:389 INFO  RegisterAccountPage :96 - Click On ppCheck: 
2023-05-16 14:05:234 INFO  RegisterAccountPage :101 - Click On ContinueButton Register Page: 
2023-05-16 14:05:267 INFO  RegisterAccountPage :106 - Verify Account Created Successfully: Your Account Has Been Created!
2023-05-16 14:05:792 INFO  MyAccountPage :73 - Click On Continue Button: 
2023-05-16 14:05:604 INFO  MyAccountPage :63 - Click on My Account Option: Logout
2023-05-16 14:05:639 INFO  MyAccountPage :78 - Verify Logout Message: Account Logout
2023-05-16 14:05:83 INFO  MyAccountPage :83 - Click On Continue Btn Logout: 
2023-05-16 14:05:963 INFO  HomePage :72 - Click On My Account: 
2023-05-16 14:05:369 INFO  MyAccountPage :63 - Click on My Account Option: Login
2023-05-16 14:05:490 INFO  RegisterAccountPage :76 - Enter Email: 
2023-05-16 14:05:545 INFO  MyAccountPage :88 - Enter Email Address: Password987
2023-05-16 14:05:975 INFO  MyAccountPage :98 - Click On LoginBtn: 
